\BOOKMARK [1][-]{section*.2}{Catalog/Course Description}{}% 1
\BOOKMARK [2][-]{section*.3}{A More Detailed/Updated Course Description}{section*.2}% 2
\BOOKMARK [2][-]{section*.4}{Prerequisites}{section*.2}% 3
\BOOKMARK [1][-]{section*.5}{Course Objectives}{}% 4
\BOOKMARK [1][-]{section*.6}{Course Learning Objectives}{}% 5
\BOOKMARK [1][-]{section*.7}{Program-Level Outcomes}{}% 6
\BOOKMARK [1][-]{section*.8}{Core Curriculum Outcomes}{}% 7
\BOOKMARK [1][-]{section*.9}{Required Student Resources}{}% 8
\BOOKMARK [1][-]{section*.10}{Evaluation Procedures and Grading}{}% 9
\BOOKMARK [2][-]{section*.11}{Quizzes}{section*.10}% 10
\BOOKMARK [2][-]{section*.12}{Group Briefing Notes}{section*.10}% 11
\BOOKMARK [3][-]{section*.13}{Grading and Revising the Group Briefing Notes}{section*.12}% 12
\BOOKMARK [3][-]{section*.14}{How to Properly Submit the Group Briefing Notes}{section*.12}% 13
\BOOKMARK [2][-]{section*.15}{Other Activities}{section*.10}% 14
\BOOKMARK [1][-]{section*.16}{Course Schedule}{}% 15
\BOOKMARK [2][-]{section*.17}{Assessment Schedule}{section*.16}% 16
\BOOKMARK [2][-]{section*.18}{Topics and Readings Outline}{section*.16}% 17
\BOOKMARK [1][-]{section*.19}{Course Policies}{}% 18
\BOOKMARK [2][-]{section*.20}{Attendance Statement}{section*.19}% 19
\BOOKMARK [3][-]{section*.21}{Canvas}{section*.20}% 20
\BOOKMARK [2][-]{section*.22}{Deadline Flexibility}{section*.19}% 21
\BOOKMARK [2][-]{section*.23}{Office Hours}{section*.19}% 22
\BOOKMARK [2][-]{section*.24}{Regrading}{section*.19}% 23
\BOOKMARK [2][-]{section*.25}{Code of Academic Conduct}{section*.19}% 24
\BOOKMARK [1][-]{section*.26}{ADA, Accessibility, Title IX, and Inclusivity Statements and Supports}{}% 25
\BOOKMARK [2][-]{section*.27}{Mental Health}{section*.26}% 26
\BOOKMARK [2][-]{section*.28}{Religious Accommodation Policy}{section*.26}% 27
\BOOKMARK [2][-]{section*.29}{Policies on Children in Class}{section*.26}% 28
\BOOKMARK [2][-]{section*.30}{Preferred Gender Pronouns}{section*.26}% 29
\BOOKMARK [2][-]{section*.31}{Title IX}{section*.26}% 30
\BOOKMARK [1][-]{section*.33}{Emergency Preparedness and Response}{}% 31
\BOOKMARK [1][-]{section*.35}{Class Schedule}{}% 32
\BOOKMARK [1][-]{section*.37}{References: Readings on the Syllabus}{}% 33
